#
# There is insufficient memory for the Java Runtime Environment to continue.
# Native memory allocation (mmap) failed to map 262144 bytes for committing reserved memory.
# Possible reasons:
#   The system is out of physical RAM or swap space
#   In 32 bit mode, the process size limit was hit
# Possible solutions:
#   Reduce memory load on the system
#   Increase physical memory or swap space
#   Check if swap backing store is full
#   Use 64 bit Java on a 64 bit OS
#   Decrease Java heap size (-Xmx/-Xms)
#   Decrease number of Java threads
#   Decrease Java thread stack sizes (-Xss)
#   Set larger code cache with -XX:ReservedCodeCacheSize=
# This output file may be truncated or incomplete.
#
#  Out of Memory Error (os_linux.cpp:2643), pid=5423, tid=0x00007f7d97395700
#
# JRE version: OpenJDK Runtime Environment (8.0_181-b13) (build 1.8.0_181-8u181-b13-2~deb9u1-b13)
# Java VM: OpenJDK 64-Bit Server VM (25.181-b13 mixed mode linux-amd64 compressed oops)
# Failed to write core dump. Core dumps have been disabled. To enable core dumping, try "ulimit -c unlimited" before starting Java again
#

---------------  T H R E A D  ---------------

Current thread (0x00007f7d9000a800):  JavaThread "main" [_thread_in_vm, id=5429, stack(0x00007f7d97295000,0x00007f7d97396000)]

Stack: [0x00007f7d97295000,0x00007f7d97396000],  sp=0x00007f7d97392bc0,  free space=1014k
Native frames: (J=compiled Java code, j=interpreted, Vv=VM code, C=native code)
V  [libjvm.so+0xa740a0]
V  [libjvm.so+0x4c9abc]
V  [libjvm.so+0x8c1dd8]
V  [libjvm.so+0x8bc37e]
V  [libjvm.so+0xa70c54]
V  [libjvm.so+0x840137]
V  [libjvm.so+0x84032f]
V  [libjvm.so+0x8416bb]
V  [libjvm.so+0x841843]
V  [libjvm.so+0x842d0b]
V  [libjvm.so+0x842e77]
V  [libjvm.so+0x4c6aac]
V  [libjvm.so+0x42aa64]
V  [libjvm.so+0x42bf28]
V  [libjvm.so+0x432eab]
V  [libjvm.so+0x9eb4f5]
V  [libjvm.so+0x9ea02b]
V  [libjvm.so+0x9ec15a]
V  [libjvm.so+0x4ba0c3]
V  [libjvm.so+0x4bc80d]
V  [libjvm.so+0x791cb5]
V  [libjvm.so+0x794da8]
V  [libjvm.so+0x65a71b]
j  sun.awt.SunToolkit.checkAndSetPolicy(Ljava/awt/Container;)V+0
j  java.awt.Window.init(Ljava/awt/GraphicsConfiguration;)V+194
j  java.awt.Window.<init>()V+146
j  java.awt.Frame.<init>(Ljava/lang/String;)V+1
j  java.awt.Frame.<init>()V+3
j  sun.applet.AppletViewer.<init>(IILjava/net/URL;Ljava/util/Hashtable;Ljava/io/PrintStream;Lsun/applet/AppletViewerFactory;)V+1
j  sun.applet.StdAppletViewerFactory.createAppletViewer(IILjava/net/URL;Ljava/util/Hashtable;)Lsun/applet/AppletViewer;+13
j  sun.applet.AppletViewer.parse(Ljava/net/URL;Ljava/io/PrintStream;Lsun/applet/AppletViewerFactory;)V+308
j  sun.applet.AppletViewer.parse(Ljava/net/URL;Ljava/lang/String;)V+15
j  sun.applet.Main.run([Ljava/lang/String;)I+159
j  sun.applet.Main.main([Ljava/lang/String;)V+10
j  sun.applet.AppletViewer.main([Ljava/lang/String;)V+1
v  ~StubRoutines::call_stub
V  [libjvm.so+0x667eb3]
V  [libjvm.so+0x688707]
V  [libjvm.so+0x68ae26]
C  [libjli.so+0x3541]
C  [libjli.so+0x753d]
C  [libpthread.so.0+0x7494]  start_thread+0xc4

Java frames: (J=compiled Java code, j=interpreted, Vv=VM code)
j  sun.awt.SunToolkit.checkAndSetPolicy(Ljava/awt/Container;)V+0
j  java.awt.Window.init(Ljava/awt/GraphicsConfiguration;)V+194
j  java.awt.Window.<init>()V+146
j  java.awt.Frame.<init>(Ljava/lang/String;)V+1
j  java.awt.Frame.<init>()V+3
j  sun.applet.AppletViewer.<init>(IILjava/net/URL;Ljava/util/Hashtable;Ljava/io/PrintStream;Lsun/applet/AppletViewerFactory;)V+1
j  sun.applet.StdAppletViewerFactory.createAppletViewer(IILjava/net/URL;Ljava/util/Hashtable;)Lsun/applet/AppletViewer;+13
j  sun.applet.AppletViewer.parse(Ljava/net/URL;Ljava/io/PrintStream;Lsun/applet/AppletViewerFactory;)V+308
j  sun.applet.AppletViewer.parse(Ljava/net/URL;Ljava/lang/String;)V+15
j  sun.applet.Main.run([Ljava/lang/String;)I+159
j  sun.applet.Main.main([Ljava/lang/String;)V+10
j  sun.applet.AppletViewer.main([Ljava/lang/String;)V+1
v  ~StubRoutines::call_stub

---------------  P R O C E S S  ---------------

Java Threads: ( => current thread )
  0x00007f7d9022a000 JavaThread "process reaper" daemon [_thread_blocked, id=5473, stack(0x00007f7d7cceb000,0x00007f7d7cd24000)]
  0x00007f7d90209800 JavaThread "AWT-XAWT" daemon [_thread_in_native, id=5469, stack(0x00007f7d7cd24000,0x00007f7d7ce25000)]
  0x00007f7d901e1800 JavaThread "Java2D Disposer" daemon [_thread_blocked, id=5463, stack(0x00007f7d7d236000,0x00007f7d7d337000)]
  0x00007f7d900bc800 JavaThread "Service Thread" daemon [_thread_blocked, id=5448, stack(0x00007f7d7f4e3000,0x00007f7d7f5e4000)]
  0x00007f7d900b1800 JavaThread "C1 CompilerThread1" daemon [_thread_in_vm, id=5446, stack(0x00007f7d7f5e4000,0x00007f7d7f6e5000)]
  0x00007f7d900af000 JavaThread "C2 CompilerThread0" daemon [_thread_blocked, id=5441, stack(0x00007f7d7f6e5000,0x00007f7d7f7e6000)]
  0x00007f7d900ad800 JavaThread "Signal Dispatcher" daemon [_thread_blocked, id=5439, stack(0x00007f7d7f7e6000,0x00007f7d7f8e7000)]
  0x00007f7d9007b000 JavaThread "Finalizer" daemon [_thread_blocked, id=5437, stack(0x00007f7d7fa82000,0x00007f7d7fb83000)]
  0x00007f7d90078800 JavaThread "Reference Handler" daemon [_thread_blocked, id=5435, stack(0x00007f7d7fb83000,0x00007f7d7fc84000)]
=>0x00007f7d9000a800 JavaThread "main" [_thread_in_vm, id=5429, stack(0x00007f7d97295000,0x00007f7d97396000)]

Other Threads:
  0x00007f7d9006f000 VMThread [stack: 0x00007f7d7fc84000,0x00007f7d7fd85000] [id=5434]
  0x00007f7d900bf800 WatcherThread [stack: 0x00007f7d7f3e2000,0x00007f7d7f4e3000] [id=5450]

VM state:not at safepoint (normal execution)

VM Mutex/Monitor currently owned by a thread:  ([mutex/lock_event])
[0x00007f7d90007a20] MethodData_lock - owner thread: 0x00007f7d900b1800

Heap:
 def new generation   total 9792K, used 3868K [0x00000000e0e00000, 0x00000000e18a0000, 0x00000000eb400000)
  eden space 8704K,  44% used [0x00000000e0e00000, 0x00000000e11c71f0, 0x00000000e1680000)
  from space 1088K,   0% used [0x00000000e1680000, 0x00000000e1680000, 0x00000000e1790000)
  to   space 1088K,   0% used [0x00000000e1790000, 0x00000000e1790000, 0x00000000e18a0000)
 tenured generation   total 21888K, used 0K [0x00000000eb400000, 0x00000000ec960000, 0x0000000100000000)
   the space 21888K,   0% used [0x00000000eb400000, 0x00000000eb400000, 0x00000000eb400200, 0x00000000ec960000)
 Metaspace       used 7004K, capacity 7190K, committed 7296K, reserved 1056768K
  class space    used 763K, capacity 835K, committed 896K, reserved 1048576K

Card table byte_map: [0x00007f7d94051000,0x00007f7d9414b000] byte_map_base: 0x00007f7d9394a000

Polling page: 0x00007f7d973b1000

CodeCache: size=245760Kb used=1732Kb max_used=1732Kb free=244027Kb
 bounds [0x00007f7d80be5000, 0x00007f7d80e55000, 0x00007f7d8fbe5000]
 total_blobs=714 nmethods=293 adapters=336
 compilation: enabled

Compilation events (10 events):
Event: 29,137 Thread 0x00007f7d900b1800  297       3       java.util.Arrays::copyOfRange (11 bytes)
Event: 30,332 Thread 0x00007f7d900b1800 nmethod 297 0x00007f7d80d950d0 code [0x00007f7d80d95240, 0x00007f7d80d95440]
Event: 30,420 Thread 0x00007f7d900b1800  298       3       java.util.Arrays::equals (78 bytes)
Event: 35,896 Thread 0x00007f7d900b1800 nmethod 298 0x00007f7d80d95510 code [0x00007f7d80d956a0, 0x00007f7d80d95b80]
Event: 36,021 Thread 0x00007f7d900b1800  301       1       java.net.URL::getAuthority (5 bytes)
Event: 37,235 Thread 0x00007f7d900b1800 nmethod 301 0x00007f7d80d95d10 code [0x00007f7d80d95e60, 0x00007f7d80d95f70]
Event: 37,366 Thread 0x00007f7d900b1800  302       3       java.util.concurrent.locks.AbstractQueuedSynchronizer::setState (6 bytes)
Event: 38,766 Thread 0x00007f7d900b1800 nmethod 302 0x00007f7d80d95fd0 code [0x00007f7d80d96120, 0x00007f7d80d96270]
Event: 40,995 Thread 0x00007f7d900b1800  303       1       java.lang.reflect.Field::getName (5 bytes)
Event: 42,312 Thread 0x00007f7d900b1800 nmethod 303 0x00007f7d80d964d0 code [0x00007f7d80d96620, 0x00007f7d80d96730]

GC Heap History (0 events):
No events

Deoptimization events (0 events):
No events

Classes redefined (0 events):
No events

Internal exceptions (10 events):
Event: 2,506 Thread 0x00007f7d9000a800 Exception <a 'java/security/PrivilegedActionException'> (0x00000000e0e677d8) thrown at [/build/openjdk-8-8u181-b13/src/hotspot/src/share/vm/prims/jvm.cpp, line 1435]
Event: 2,506 Thread 0x00007f7d9000a800 Exception <a 'java/security/PrivilegedActionException'> (0x00000000e0e679e8) thrown at [/build/openjdk-8-8u181-b13/src/hotspot/src/share/vm/prims/jvm.cpp, line 1435]
Event: 2,701 Thread 0x00007f7d9000a800 Exception <a 'java/util/zip/ZipException'> (0x00000000e0e73530) thrown at [/build/openjdk-8-8u181-b13/src/hotspot/src/share/vm/prims/jni.cpp, line 709]
Event: 2,701 Thread 0x00007f7d9000a800 Exception <a 'java/security/PrivilegedActionException'> (0x00000000e0e73920) thrown at [/build/openjdk-8-8u181-b13/src/hotspot/src/share/vm/prims/jvm.cpp, line 1435]
Event: 2,701 Thread 0x00007f7d9000a800 Exception <a 'java/security/PrivilegedActionException'> (0x00000000e0e73b30) thrown at [/build/openjdk-8-8u181-b13/src/hotspot/src/share/vm/prims/jvm.cpp, line 1435]
Event: 3,920 Thread 0x00007f7d9000a800 Exception <a 'java/lang/NoSuchFieldError': method resolution failed> (0x00000000e0f771d0) thrown at [/build/openjdk-8-8u181-b13/src/hotspot/src/share/vm/prims/methodHandles.cpp, line 1167]
Event: 3,996 Thread 0x00007f7d9000a800 Exception <a 'java/lang/NoSuchFieldError': method resolution failed> (0x00000000e0f849d0) thrown at [/build/openjdk-8-8u181-b13/src/hotspot/src/share/vm/prims/methodHandles.cpp, line 1167]
Event: 6,177 Thread 0x00007f7d9000a800 Exception <a 'java/io/FileNotFoundException'> (0x00000000e1002b00) thrown at [/build/openjdk-8-8u181-b13/src/hotspot/src/share/vm/prims/jni.cpp, line 709]
Event: 7,784 Thread 0x00007f7d9000a800 Exception <a 'java/lang/ClassNotFoundException': sun/dc/DuctusRenderingEngine> (0x00000000e1053f58) thrown at [/build/openjdk-8-8u181-b13/src/hotspot/src/share/vm/classfile/systemDictionary.cpp, line 210]
Event: 19,350 Thread 0x00007f7d9000a800 Exception <a 'java/io/FileNotFoundException'> (0x00000000e1132b78) thrown at [/build/openjdk-8-8u181-b13/src/hotspot/src/share/vm/prims/jni.cpp, line 709]

Events (10 events):
Event: 39,592 loading class java/util/concurrent/locks/LockSupport done
Event: 40,321 loading class sun/nio/ch/Interruptible
Event: 40,498 loading class sun/nio/ch/Interruptible done
Event: 40,645 loading class sun/awt/X11/XlibUtil
Event: 41,207 loading class sun/awt/X11/XlibUtil done
Event: 44,377 loading class java/awt/Dialog$ModalExclusionType
Event: 44,585 loading class java/awt/Dialog$ModalExclusionType done
Event: 44,843 loading class java/awt/Window$WindowDisposerRecord
Event: 45,157 loading class java/awt/Window$WindowDisposerRecord done
Event: 45,455 loading class java/awt/KeyboardFocusManager


Dynamic libraries:
e0e00000-e18a0000 rw-p 00000000 00:00 0 
e18a0000-eb400000 ---p 00000000 00:00 0 
eb400000-ec960000 rw-p 00000000 00:00 0 
ec960000-100000000 ---p 00000000 00:00 0 
100000000-1000e0000 rw-p 00000000 00:00 0 
1000e0000-140000000 ---p 00000000 00:00 0 
55be9d0be000-55be9d0bf000 r-xp 00000000 08:01 263778                     /usr/lib/jvm/java-8-openjdk-amd64/jre/bin/java
55be9d2be000-55be9d2bf000 r--p 00000000 08:01 263778                     /usr/lib/jvm/java-8-openjdk-amd64/jre/bin/java
55be9d2bf000-55be9d2c0000 rw-p 00001000 08:01 263778                     /usr/lib/jvm/java-8-openjdk-amd64/jre/bin/java
55be9f18c000-55be9f1ad000 rw-p 00000000 00:00 0                          [heap]
7f7d60000000-7f7d60285000 rw-p 00000000 00:00 0 
7f7d60285000-7f7d64000000 ---p 00000000 00:00 0 
7f7d64000000-7f7d64021000 rw-p 00000000 00:00 0 
7f7d64021000-7f7d68000000 ---p 00000000 00:00 0 
7f7d68000000-7f7d68021000 rw-p 00000000 00:00 0 
7f7d68021000-7f7d6c000000 ---p 00000000 00:00 0 
7f7d6c000000-7f7d6c09e000 rw-p 00000000 00:00 0 
7f7d6c09e000-7f7d70000000 ---p 00000000 00:00 0 
7f7d70000000-7f7d70021000 rw-p 00000000 00:00 0 
7f7d70021000-7f7d74000000 ---p 00000000 00:00 0 
7f7d74000000-7f7d74021000 rw-p 00000000 00:00 0 
7f7d74021000-7f7d78000000 ---p 00000000 00:00 0 
7f7d78000000-7f7d78021000 rw-p 00000000 00:00 0 
7f7d78021000-7f7d7c000000 ---p 00000000 00:00 0 
7f7d7cceb000-7f7d7ccee000 ---p 00000000 00:00 0 
7f7d7ccee000-7f7d7cd24000 rw-p 00000000 00:00 0 
7f7d7cd24000-7f7d7cd27000 ---p 00000000 00:00 0 
7f7d7cd27000-7f7d7ce25000 rw-p 00000000 00:00 0 
7f7d7ce25000-7f7d7ce2a000 r-xp 00000000 08:01 1059348                    /usr/lib/x86_64-linux-gnu/libXfixes.so.3.1.0
7f7d7ce2a000-7f7d7d029000 ---p 00005000 08:01 1059348                    /usr/lib/x86_64-linux-gnu/libXfixes.so.3.1.0
7f7d7d029000-7f7d7d02a000 r--p 00004000 08:01 1059348                    /usr/lib/x86_64-linux-gnu/libXfixes.so.3.1.0
7f7d7d02a000-7f7d7d02b000 rw-p 00005000 08:01 1059348                    /usr/lib/x86_64-linux-gnu/libXfixes.so.3.1.0
7f7d7d02b000-7f7d7d035000 r-xp 00000000 08:01 1060717                    /usr/lib/x86_64-linux-gnu/libXcursor.so.1.0.2
7f7d7d035000-7f7d7d234000 ---p 0000a000 08:01 1060717                    /usr/lib/x86_64-linux-gnu/libXcursor.so.1.0.2
7f7d7d234000-7f7d7d235000 r--p 00009000 08:01 1060717                    /usr/lib/x86_64-linux-gnu/libXcursor.so.1.0.2
7f7d7d235000-7f7d7d236000 rw-p 0000a000 08:01 1060717                    /usr/lib/x86_64-linux-gnu/libXcursor.so.1.0.2
7f7d7d236000-7f7d7d239000 ---p 00000000 00:00 0 
7f7d7d239000-7f7d7d337000 rw-p 00000000 00:00 0 
7f7d7d337000-7f7d7d368000 r-xp 00000000 08:01 1056572                    /usr/lib/x86_64-linux-gnu/libpng16.so.16.28.0
7f7d7d368000-7f7d7d568000 ---p 00031000 08:01 1056572                    /usr/lib/x86_64-linux-gnu/libpng16.so.16.28.0
7f7d7d568000-7f7d7d569000 r--p 00031000 08:01 1056572                    /usr/lib/x86_64-linux-gnu/libpng16.so.16.28.0
7f7d7d569000-7f7d7d56a000 rw-p 00032000 08:01 1056572                    /usr/lib/x86_64-linux-gnu/libpng16.so.16.28.0
7f7d7d56a000-7f7d7d612000 r-xp 00000000 08:01 1057683                    /usr/lib/x86_64-linux-gnu/libfreetype.so.6.12.3
7f7d7d612000-7f7d7d812000 ---p 000a8000 08:01 1057683                    /usr/lib/x86_64-linux-gnu/libfreetype.so.6.12.3
7f7d7d812000-7f7d7d818000 r--p 000a8000 08:01 1057683                    /usr/lib/x86_64-linux-gnu/libfreetype.so.6.12.3
7f7d7d818000-7f7d7d819000 rw-p 000ae000 08:01 1057683                    /usr/lib/x86_64-linux-gnu/libfreetype.so.6.12.3
7f7d7d833000-7f7d7d884000 r-xp 00000000 08:01 281242                     /usr/lib/jvm/java-8-openjdk-amd64/jre/lib/amd64/libfontmanager.so
7f7d7d884000-7f7d7da84000 ---p 00051000 08:01 281242                     /usr/lib/jvm/java-8-openjdk-amd64/jre/lib/amd64/libfontmanager.so
7f7d7da84000-7f7d7da86000 r--p 00051000 08:01 281242                     /usr/lib/jvm/java-8-openjdk-amd64/jre/lib/amd64/libfontmanager.so
7f7d7da86000-7f7d7da87000 rw-p 00053000 08:01 281242                     /usr/lib/jvm/java-8-openjdk-amd64/jre/lib/amd64/libfontmanager.so
7f7d7da87000-7f7d7daae000 r--p 00000000 08:01 1053912                    /usr/share/locale/fr/LC_MESSAGES/libc.mo
7f7d7daae000-7f7d7dac1000 r-xp 00000000 08:01 1311244                    /lib/x86_64-linux-gnu/libbsd.so.0.8.3
7f7d7dac1000-7f7d7dcc1000 ---p 00013000 08:01 1311244                    /lib/x86_64-linux-gnu/libbsd.so.0.8.3
7f7d7dcc1000-7f7d7dcc2000 r--p 00013000 08:01 1311244                    /lib/x86_64-linux-gnu/libbsd.so.0.8.3
7f7d7dcc2000-7f7d7dcc3000 rw-p 00014000 08:01 1311244                    /lib/x86_64-linux-gnu/libbsd.so.0.8.3
7f7d7dcc3000-7f7d7dcc4000 rw-p 00000000 00:00 0 
7f7d7dcc4000-7f7d7dcc9000 r-xp 00000000 08:01 1056590                    /usr/lib/x86_64-linux-gnu/libXdmcp.so.6.0.0
7f7d7dcc9000-7f7d7dec8000 ---p 00005000 08:01 1056590                    /usr/lib/x86_64-linux-gnu/libXdmcp.so.6.0.0
7f7d7dec8000-7f7d7dec9000 r--p 00004000 08:01 1056590                    /usr/lib/x86_64-linux-gnu/libXdmcp.so.6.0.0
7f7d7dec9000-7f7d7deca000 rw-p 00005000 08:01 1056590                    /usr/lib/x86_64-linux-gnu/libXdmcp.so.6.0.0
7f7d7deca000-7f7d7decd000 r-xp 00000000 08:01 1056586                    /usr/lib/x86_64-linux-gnu/libXau.so.6.0.0
7f7d7decd000-7f7d7e0cc000 ---p 00003000 08:01 1056586                    /usr/lib/x86_64-linux-gnu/libXau.so.6.0.0
7f7d7e0cc000-7f7d7e0cd000 r--p 00002000 08:01 1056586                    /usr/lib/x86_64-linux-gnu/libXau.so.6.0.0
7f7d7e0cd000-7f7d7e0ce000 rw-p 00003000 08:01 1056586                    /usr/lib/x86_64-linux-gnu/libXau.so.6.0.0
7f7d7e0ce000-7f7d7e0f5000 r-xp 00000000 08:01 1056594                    /usr/lib/x86_64-linux-gnu/libxcb.so.1.1.0
7f7d7e0f5000-7f7d7e2f4000 ---p 00027000 08:01 1056594                    /usr/lib/x86_64-linux-gnu/libxcb.so.1.1.0
7f7d7e2f4000-7f7d7e2f5000 r--p 00026000 08:01 1056594                    /usr/lib/x86_64-linux-gnu/libxcb.so.1.1.0
7f7d7e2f5000-7f7d7e2f6000 rw-p 00027000 08:01 1056594                    /usr/lib/x86_64-linux-gnu/libxcb.so.1.1.0
7f7d7e2f6000-7f7d7e305000 r-xp 00000000 08:01 1060719                    /usr/lib/x86_64-linux-gnu/libXi.so.6.1.0
7f7d7e305000-7f7d7e504000 ---p 0000f000 08:01 1060719                    /usr/lib/x86_64-linux-gnu/libXi.so.6.1.0
7f7d7e504000-7f7d7e505000 r--p 0000e000 08:01 1060719                    /usr/lib/x86_64-linux-gnu/libXi.so.6.1.0
7f7d7e505000-7f7d7e506000 rw-p 0000f000 08:01 1060719                    /usr/lib/x86_64-linux-gnu/libXi.so.6.1.0
7f7d7e506000-7f7d7e50b000 r-xp 00000000 08:01 1061057                    /usr/lib/x86_64-linux-gnu/libXtst.so.6.1.0
7f7d7e50b000-7f7d7e70a000 ---p 00005000 08:01 1061057                    /usr/lib/x86_64-linux-gnu/libXtst.so.6.1.0
7f7d7e70a000-7f7d7e70b000 r--p 00004000 08:01 1061057                    /usr/lib/x86_64-linux-gnu/libXtst.so.6.1.0
7f7d7e70b000-7f7d7e70c000 rw-p 00005000 08:01 1061057                    /usr/lib/x86_64-linux-gnu/libXtst.so.6.1.0
7f7d7e70c000-7f7d7e715000 r-xp 00000000 08:01 1056616                    /usr/lib/x86_64-linux-gnu/libXrender.so.1.3.0
7f7d7e715000-7f7d7e914000 ---p 00009000 08:01 1056616                    /usr/lib/x86_64-linux-gnu/libXrender.so.1.3.0
7f7d7e914000-7f7d7e915000 r--p 00008000 08:01 1056616                    /usr/lib/x86_64-linux-gnu/libXrender.so.1.3.0
7f7d7e915000-7f7d7e916000 rw-p 00009000 08:01 1056616                    /usr/lib/x86_64-linux-gnu/libXrender.so.1.3.0
7f7d7e916000-7f7d7ea50000 r-xp 00000000 08:01 1056602                    /usr/lib/x86_64-linux-gnu/libX11.so.6.3.0
7f7d7ea50000-7f7d7ec50000 ---p 0013a000 08:01 1056602                    /usr/lib/x86_64-linux-gnu/libX11.so.6.3.0
7f7d7ec50000-7f7d7ec51000 r--p 0013a000 08:01 1056602                    /usr/lib/x86_64-linux-gnu/libX11.so.6.3.0
7f7d7ec51000-7f7d7ec56000 rw-p 0013b000 08:01 1056602                    /usr/lib/x86_64-linux-gnu/libX11.so.6.3.0
7f7d7ec56000-7f7d7ec67000 r-xp 00000000 08:01 1056608                    /usr/lib/x86_64-linux-gnu/libXext.so.6.4.0
7f7d7ec67000-7f7d7ee66000 ---p 00011000 08:01 1056608                    /usr/lib/x86_64-linux-gnu/libXext.so.6.4.0
7f7d7ee66000-7f7d7ee67000 r--p 00010000 08:01 1056608                    /usr/lib/x86_64-linux-gnu/libXext.so.6.4.0
7f7d7ee67000-7f7d7ee68000 rw-p 00011000 08:01 1056608                    /usr/lib/x86_64-linux-gnu/libXext.so.6.4.0
7f7d7ee68000-7f7d7ee7b000 r--s 00346000 08:01 281355                     /usr/lib/jvm/java-8-openjdk-amd64/jre/lib/resources.jar
7f7d7ee7b000-7f7d7ee82000 r--s 00000000 08:01 1050850                    /usr/lib/x86_64-linux-gnu/gconv/gconv-modules.cache
7f7d7ee82000-7f7d7eed6000 r-xp 00000000 08:01 281238                     /usr/lib/jvm/java-8-openjdk-amd64/jre/lib/amd64/libawt_xawt.so
7f7d7eed6000-7f7d7f0d6000 ---p 00054000 08:01 281238                     /usr/lib/jvm/java-8-openjdk-amd64/jre/lib/amd64/libawt_xawt.so
7f7d7f0d6000-7f7d7f0d7000 r--p 00054000 08:01 281238                     /usr/lib/jvm/java-8-openjdk-amd64/jre/lib/amd64/libawt_xawt.so
7f7d7f0d7000-7f7d7f0da000 rw-p 00055000 08:01 281238                     /usr/lib/jvm/java-8-openjdk-amd64/jre/lib/amd64/libawt_xawt.so
7f7d7f0da000-7f7d7f0db000 rw-p 00000000 00:00 0 
7f7d7f0db000-7f7d7f17b000 r-xp 00000000 08:01 263791                     /usr/lib/jvm/java-8-openjdk-amd64/jre/lib/amd64/libawt.so
7f7d7f17b000-7f7d7f37b000 ---p 000a0000 08:01 263791                     /usr/lib/jvm/java-8-openjdk-amd64/jre/lib/amd64/libawt.so
7f7d7f37b000-7f7d7f37c000 r--p 000a0000 08:01 263791                     /usr/lib/jvm/java-8-openjdk-amd64/jre/lib/amd64/libawt.so
7f7d7f37c000-7f7d7f387000 rw-p 000a1000 08:01 263791                     /usr/lib/jvm/java-8-openjdk-amd64/jre/lib/amd64/libawt.so
7f7d7f387000-7f7d7f3ac000 rw-p 00000000 00:00 0 
7f7d7f3ac000-7f7d7f3c7000 r--s 00394000 08:01 281280                     /usr/lib/jvm/java-8-openjdk-amd64/jre/lib/ext/cldrdata.jar
7f7d7f3c7000-7f7d7f3e2000 r--s 001d6000 08:01 281335                     /usr/lib/jvm/java-8-openjdk-amd64/jre/lib/ext/nashorn.jar
7f7d7f3e2000-7f7d7f3e3000 ---p 00000000 00:00 0 
7f7d7f3e3000-7f7d7f4e3000 rw-p 00000000 00:00 0 
7f7d7f4e3000-7f7d7f4e6000 ---p 00000000 00:00 0 
7f7d7f4e6000-7f7d7f5e4000 rw-p 00000000 00:00 0 
7f7d7f5e4000-7f7d7f5e7000 ---p 00000000 00:00 0 
7f7d7f5e7000-7f7d7f6e5000 rw-p 00000000 00:00 0 
7f7d7f6e5000-7f7d7f6e8000 ---p 00000000 00:00 0 
7f7d7f6e8000-7f7d7f7e6000 rw-p 00000000 00:00 0 
7f7d7f7e6000-7f7d7f7e9000 ---p 00000000 00:00 0 
7f7d7f7e9000-7f7d7f8e7000 rw-p 00000000 00:00 0 
7f7d7f8e7000-7f7d7fa82000 r--p 00000000 08:01 1048873                    /usr/lib/locale/locale-archive
7f7d7fa82000-7f7d7fa85000 ---p 00000000 00:00 0 
7f7d7fa85000-7f7d7fb83000 rw-p 00000000 00:00 0 
7f7d7fb83000-7f7d7fb86000 ---p 00000000 00:00 0 
7f7d7fb86000-7f7d7fc84000 rw-p 00000000 00:00 0 
7f7d7fc84000-7f7d7fc85000 ---p 00000000 00:00 0 
7f7d7fc85000-7f7d7fd85000 rw-p 00000000 00:00 0 
7f7d7fd85000-7f7d7ff54000 r--s 03c33000 08:01 281356                     /usr/lib/jvm/java-8-openjdk-amd64/jre/lib/rt.jar
7f7d7ff54000-7f7d80025000 rw-p 00000000 00:00 0 
7f7d80025000-7f7d80665000 rw-p 00000000 00:00 0 
7f7d806a5000-7f7d80825000 ---p 00000000 00:00 0 
7f7d80825000-7f7d8082f000 rw-p 00000000 00:00 0 
7f7d8082f000-7f7d80be5000 ---p 00000000 00:00 0 
7f7d80be5000-7f7d80e55000 rwxp 00000000 00:00 0 
7f7d80e55000-7f7d8fbe5000 ---p 00000000 00:00 0 
7f7d8fbe5000-7f7d8fbed000 r-xp 00000000 08:01 281269                     /usr/lib/jvm/java-8-openjdk-amd64/jre/lib/amd64/libzip.so
7f7d8fbed000-7f7d8fdec000 ---p 00008000 08:01 281269                     /usr/lib/jvm/java-8-openjdk-amd64/jre/lib/amd64/libzip.so
7f7d8fdec000-7f7d8fded000 r--p 00007000 08:01 281269                     /usr/lib/jvm/java-8-openjdk-amd64/jre/lib/amd64/libzip.so
7f7d8fded000-7f7d8fdee000 rw-p 00008000 08:01 281269                     /usr/lib/jvm/java-8-openjdk-amd64/jre/lib/amd64/libzip.so
7f7d8fdee000-7f7d8fdf8000 r-xp 00000000 08:01 1310738                    /lib/x86_64-linux-gnu/libnss_files-2.24.so
7f7d8fdf8000-7f7d8fff8000 ---p 0000a000 08:01 1310738                    /lib/x86_64-linux-gnu/libnss_files-2.24.so
7f7d8fff8000-7f7d8fff9000 r--p 0000a000 08:01 1310738                    /lib/x86_64-linux-gnu/libnss_files-2.24.so
7f7d8fff9000-7f7d8fffa000 rw-p 0000b000 08:01 1310738                    /lib/x86_64-linux-gnu/libnss_files-2.24.so
7f7d8fffa000-7f7d90000000 rw-p 00000000 00:00 0 
7f7d90000000-7f7d90244000 rw-p 00000000 00:00 0 
7f7d90244000-7f7d94000000 ---p 00000000 00:00 0 
7f7d94003000-7f7d94051000 rw-p 00000000 00:00 0 
7f7d94051000-7f7d94057000 rw-p 00000000 00:00 0 
7f7d94057000-7f7d940a4000 ---p 00000000 00:00 0 
7f7d940a4000-7f7d940af000 rw-p 00000000 00:00 0 
7f7d940af000-7f7d9414a000 ---p 00000000 00:00 0 
7f7d9414a000-7f7d9414b000 rw-p 00000000 00:00 0 
7f7d9414b000-7f7d94156000 r-xp 00000000 08:01 1310740                    /lib/x86_64-linux-gnu/libnss_nis-2.24.so
7f7d94156000-7f7d94355000 ---p 0000b000 08:01 1310740                    /lib/x86_64-linux-gnu/libnss_nis-2.24.so
7f7d94355000-7f7d94356000 r--p 0000a000 08:01 1310740                    /lib/x86_64-linux-gnu/libnss_nis-2.24.so
7f7d94356000-7f7d94357000 rw-p 0000b000 08:01 1310740                    /lib/x86_64-linux-gnu/libnss_nis-2.24.so
7f7d94357000-7f7d9436b000 r-xp 00000000 08:01 1310735                    /lib/x86_64-linux-gnu/libnsl-2.24.so
7f7d9436b000-7f7d9456b000 ---p 00014000 08:01 1310735                    /lib/x86_64-linux-gnu/libnsl-2.24.so
7f7d9456b000-7f7d9456c000 r--p 00014000 08:01 1310735                    /lib/x86_64-linux-gnu/libnsl-2.24.so
7f7d9456c000-7f7d9456d000 rw-p 00015000 08:01 1310735                    /lib/x86_64-linux-gnu/libnsl-2.24.so
7f7d9456d000-7f7d9456f000 rw-p 00000000 00:00 0 
7f7d9456f000-7f7d94576000 r-xp 00000000 08:01 1310736                    /lib/x86_64-linux-gnu/libnss_compat-2.24.so
7f7d94576000-7f7d94775000 ---p 00007000 08:01 1310736                    /lib/x86_64-linux-gnu/libnss_compat-2.24.so
7f7d94775000-7f7d94776000 r--p 00006000 08:01 1310736                    /lib/x86_64-linux-gnu/libnss_compat-2.24.so
7f7d94776000-7f7d94777000 rw-p 00007000 08:01 1310736                    /lib/x86_64-linux-gnu/libnss_compat-2.24.so
7f7d94777000-7f7d947a4000 r-xp 00000000 08:01 281250                     /usr/lib/jvm/java-8-openjdk-amd64/jre/lib/amd64/libjava.so
7f7d947a4000-7f7d949a4000 ---p 0002d000 08:01 281250                     /usr/lib/jvm/java-8-openjdk-amd64/jre/lib/amd64/libjava.so
7f7d949a4000-7f7d949a5000 r--p 0002d000 08:01 281250                     /usr/lib/jvm/java-8-openjdk-amd64/jre/lib/amd64/libjava.so
7f7d949a5000-7f7d949a7000 rw-p 0002e000 08:01 281250                     /usr/lib/jvm/java-8-openjdk-amd64/jre/lib/amd64/libjava.so
7f7d949a7000-7f7d949b6000 r-xp 00000000 08:01 281268                     /usr/lib/jvm/java-8-openjdk-amd64/jre/lib/amd64/libverify.so
7f7d949b6000-7f7d94bb6000 ---p 0000f000 08:01 281268                     /usr/lib/jvm/java-8-openjdk-amd64/jre/lib/amd64/libverify.so
7f7d94bb6000-7f7d94bb8000 r--p 0000f000 08:01 281268                     /usr/lib/jvm/java-8-openjdk-amd64/jre/lib/amd64/libverify.so
7f7d94bb8000-7f7d94bb9000 rw-p 00011000 08:01 281268                     /usr/lib/jvm/java-8-openjdk-amd64/jre/lib/amd64/libverify.so
7f7d94bb9000-7f7d94bc0000 r-xp 00000000 08:01 1310745                    /lib/x86_64-linux-gnu/librt-2.24.so
7f7d94bc0000-7f7d94dbf000 ---p 00007000 08:01 1310745                    /lib/x86_64-linux-gnu/librt-2.24.so
7f7d94dbf000-7f7d94dc0000 r--p 00006000 08:01 1310745                    /lib/x86_64-linux-gnu/librt-2.24.so
7f7d94dc0000-7f7d94dc1000 rw-p 00007000 08:01 1310745                    /lib/x86_64-linux-gnu/librt-2.24.so
7f7d94dc1000-7f7d94dd7000 r-xp 00000000 08:01 1310724                    /lib/x86_64-linux-gnu/libgcc_s.so.1
7f7d94dd7000-7f7d94fd6000 ---p 00016000 08:01 1310724                    /lib/x86_64-linux-gnu/libgcc_s.so.1
7f7d94fd6000-7f7d94fd7000 r--p 00015000 08:01 1310724                    /lib/x86_64-linux-gnu/libgcc_s.so.1
7f7d94fd7000-7f7d94fd8000 rw-p 00016000 08:01 1310724                    /lib/x86_64-linux-gnu/libgcc_s.so.1
7f7d94fd8000-7f7d950db000 r-xp 00000000 08:01 1310732                    /lib/x86_64-linux-gnu/libm-2.24.so
7f7d950db000-7f7d952da000 ---p 00103000 08:01 1310732                    /lib/x86_64-linux-gnu/libm-2.24.so
7f7d952da000-7f7d952db000 r--p 00102000 08:01 1310732                    /lib/x86_64-linux-gnu/libm-2.24.so
7f7d952db000-7f7d952dc000 rw-p 00103000 08:01 1310732                    /lib/x86_64-linux-gnu/libm-2.24.so
7f7d952dc000-7f7d9544e000 r-xp 00000000 08:01 1053512                    /usr/lib/x86_64-linux-gnu/libstdc++.so.6.0.22
7f7d9544e000-7f7d9564e000 ---p 00172000 08:01 1053512                    /usr/lib/x86_64-linux-gnu/libstdc++.so.6.0.22
7f7d9564e000-7f7d95658000 r--p 00172000 08:01 1053512                    /usr/lib/x86_64-linux-gnu/libstdc++.so.6.0.22
7f7d95658000-7f7d9565a000 rw-p 0017c000 08:01 1053512                    /usr/lib/x86_64-linux-gnu/libstdc++.so.6.0.22
7f7d9565a000-7f7d9565e000 rw-p 00000000 00:00 0 
7f7d9565e000-7f7d962bd000 r-xp 00000000 08:01 281271                     /usr/lib/jvm/java-8-openjdk-amd64/jre/lib/amd64/server/libjvm.so
7f7d962bd000-7f7d964bc000 ---p 00c5f000 08:01 281271                     /usr/lib/jvm/java-8-openjdk-amd64/jre/lib/amd64/server/libjvm.so
7f7d964bc000-7f7d96550000 r--p 00c5e000 08:01 281271                     /usr/lib/jvm/java-8-openjdk-amd64/jre/lib/amd64/server/libjvm.so
7f7d96550000-7f7d96579000 rw-p 00cf2000 08:01 281271                     /usr/lib/jvm/java-8-openjdk-amd64/jre/lib/amd64/server/libjvm.so
7f7d96579000-7f7d965a9000 rw-p 00000000 00:00 0 
7f7d965a9000-7f7d9673e000 r-xp 00000000 08:01 1310728                    /lib/x86_64-linux-gnu/libc-2.24.so
7f7d9673e000-7f7d9693e000 ---p 00195000 08:01 1310728                    /lib/x86_64-linux-gnu/libc-2.24.so
7f7d9693e000-7f7d96942000 r--p 00195000 08:01 1310728                    /lib/x86_64-linux-gnu/libc-2.24.so
7f7d96942000-7f7d96944000 rw-p 00199000 08:01 1310728                    /lib/x86_64-linux-gnu/libc-2.24.so
7f7d96944000-7f7d96948000 rw-p 00000000 00:00 0 
7f7d96948000-7f7d9694b000 r-xp 00000000 08:01 1310731                    /lib/x86_64-linux-gnu/libdl-2.24.so
7f7d9694b000-7f7d96b4a000 ---p 00003000 08:01 1310731                    /lib/x86_64-linux-gnu/libdl-2.24.so
7f7d96b4a000-7f7d96b4b000 r--p 00002000 08:01 1310731                    /lib/x86_64-linux-gnu/libdl-2.24.so
7f7d96b4b000-7f7d96b4c000 rw-p 00003000 08:01 1310731                    /lib/x86_64-linux-gnu/libdl-2.24.so
7f7d96b4c000-7f7d96b59000 r-xp 00000000 08:01 263788                     /usr/lib/jvm/java-8-openjdk-amd64/jre/lib/amd64/jli/libjli.so
7f7d96b59000-7f7d96d59000 ---p 0000d000 08:01 263788                     /usr/lib/jvm/java-8-openjdk-amd64/jre/lib/amd64/jli/libjli.so
7f7d96d59000-7f7d96d5a000 r--p 0000d000 08:01 263788                     /usr/lib/jvm/java-8-openjdk-amd64/jre/lib/amd64/jli/libjli.so
7f7d96d5a000-7f7d96d5b000 rw-p 0000e000 08:01 263788                     /usr/lib/jvm/java-8-openjdk-amd64/jre/lib/amd64/jli/libjli.so
7f7d96d5b000-7f7d96d74000 r-xp 00000000 08:01 1310810                    /lib/x86_64-linux-gnu/libz.so.1.2.8
7f7d96d74000-7f7d96f73000 ---p 00019000 08:01 1310810                    /lib/x86_64-linux-gnu/libz.so.1.2.8
7f7d96f73000-7f7d96f74000 r--p 00018000 08:01 1310810                    /lib/x86_64-linux-gnu/libz.so.1.2.8
7f7d96f74000-7f7d96f75000 rw-p 00019000 08:01 1310810                    /lib/x86_64-linux-gnu/libz.so.1.2.8
7f7d96f75000-7f7d96f8d000 r-xp 00000000 08:01 1310743                    /lib/x86_64-linux-gnu/libpthread-2.24.so
7f7d96f8d000-7f7d9718c000 ---p 00018000 08:01 1310743                    /lib/x86_64-linux-gnu/libpthread-2.24.so
7f7d9718c000-7f7d9718d000 r--p 00017000 08:01 1310743                    /lib/x86_64-linux-gnu/libpthread-2.24.so
7f7d9718d000-7f7d9718e000 rw-p 00018000 08:01 1310743                    /lib/x86_64-linux-gnu/libpthread-2.24.so
7f7d9718e000-7f7d97192000 rw-p 00000000 00:00 0 
7f7d97192000-7f7d971b5000 r-xp 00000000 08:01 1310723                    /lib/x86_64-linux-gnu/ld-2.24.so
7f7d971b6000-7f7d971bc000 r--s 0003b000 08:01 281337                     /usr/lib/jvm/java-8-openjdk-amd64/jre/lib/ext/sunjce_provider.jar
7f7d971bc000-7f7d971c6000 r--s 00116000 08:01 281284                     /usr/lib/jvm/java-8-openjdk-amd64/jre/lib/ext/localedata.jar
7f7d971c6000-7f7d971ee000 rw-p 00000000 00:00 0 
7f7d971ee000-7f7d971f9000 rw-p 00000000 00:00 0 
7f7d971f9000-7f7d97295000 ---p 00000000 00:00 0 
7f7d97295000-7f7d97298000 ---p 00000000 00:00 0 
7f7d97298000-7f7d97398000 rw-p 00000000 00:00 0 
7f7d9739a000-7f7d9739c000 r--s 00008000 08:01 281336                     /usr/lib/jvm/java-8-openjdk-amd64/jre/lib/ext/sunec.jar
7f7d9739c000-7f7d9739f000 r--s 0000f000 08:01 281282                     /usr/lib/jvm/java-8-openjdk-amd64/jre/lib/ext/icedtea-sound.jar
7f7d9739f000-7f7d973a1000 r--s 00001000 08:01 281281                     /usr/lib/jvm/java-8-openjdk-amd64/jre/lib/ext/dnsns.jar
7f7d973a1000-7f7d973a2000 r--s 0000a000 08:01 281283                     /usr/lib/jvm/java-8-openjdk-amd64/jre/lib/ext/jaccess.jar
7f7d973a2000-7f7d973a3000 r--s 00010000 08:01 281339                     /usr/lib/jvm/java-8-openjdk-amd64/jre/lib/ext/zipfs.jar
7f7d973a3000-7f7d973a5000 r--s 00007000 08:01 1446541                    /usr/share/java/java-atk-wrapper.jar
7f7d973a5000-7f7d973a8000 r--s 00038000 08:01 281338                     /usr/lib/jvm/java-8-openjdk-amd64/jre/lib/ext/sunpkcs11.jar
7f7d973a8000-7f7d973b0000 rw-s 00000000 08:01 4796                       /tmp/hsperfdata_olatic/5423
7f7d973b0000-7f7d973b1000 rw-p 00000000 00:00 0 
7f7d973b1000-7f7d973b2000 r--p 00000000 00:00 0 
7f7d973b2000-7f7d973b5000 rw-p 00000000 00:00 0 
7f7d973b5000-7f7d973b6000 r--p 00023000 08:01 1310723                    /lib/x86_64-linux-gnu/ld-2.24.so
7f7d973b6000-7f7d973b7000 rw-p 00024000 08:01 1310723                    /lib/x86_64-linux-gnu/ld-2.24.so
7f7d973b7000-7f7d973b8000 rw-p 00000000 00:00 0 
7ffd838bf000-7ffd838e0000 rw-p 00000000 00:00 0                          [stack]
7ffd8393c000-7ffd8393e000 r--p 00000000 00:00 0                          [vvar]
7ffd8393e000-7ffd83940000 r-xp 00000000 00:00 0                          [vdso]
ffffffffff600000-ffffffffff601000 r-xp 00000000 00:00 0                  [vsyscall]

VM Arguments:
jvm_args: -Djava.security.policy=java.policy.applet -Dfile.encoding=UTF-8 
java_command: sun.applet.AppletViewer roguelike.ApplicationWindows1543962476718.html
java_class_path (initial): /home/olatic/Bureau/mvn/RogueLike/target/classes:/home/olatic/Bureau/mvn/RogueLike/target/test-classes:/home/olatic/Bureau/mvn/RogueLike/asciiPanel.jar:/home/olatic/Bureau/mvn/RogueLike/jansi-1.11.jar
Launcher Type: SUN_STANDARD

Environment Variables:
JAVA_HOME=/usr/lib/jvm/java-1.8.0-openjdk-amd64
PATH=/usr/local/apache-maven/bin:/usr/local/bin:/usr/bin:/bin:/usr/local/games:/usr/games
USERNAME=olatic
SHELL=/bin/bash
DISPLAY=:0

Signal Handlers:
SIGSEGV: [libjvm.so+0xa74b40], sa_mask[0]=11111111011111111101111111111110, sa_flags=SA_RESTART|SA_SIGINFO
SIGBUS: [libjvm.so+0xa74b40], sa_mask[0]=11111111011111111101111111111110, sa_flags=SA_RESTART|SA_SIGINFO
SIGFPE: [libjvm.so+0x8bd510], sa_mask[0]=11111111011111111101111111111110, sa_flags=SA_RESTART|SA_SIGINFO
SIGPIPE: [libjvm.so+0x8bd510], sa_mask[0]=11111111011111111101111111111110, sa_flags=SA_RESTART|SA_SIGINFO
SIGXFSZ: [libjvm.so+0x8bd510], sa_mask[0]=11111111011111111101111111111110, sa_flags=SA_RESTART|SA_SIGINFO
SIGILL: [libjvm.so+0x8bd510], sa_mask[0]=11111111011111111101111111111110, sa_flags=SA_RESTART|SA_SIGINFO
SIGUSR1: SIG_DFL, sa_mask[0]=00000000000000000000000000000000, sa_flags=none
SIGUSR2: [libjvm.so+0x8bd3c0], sa_mask[0]=00100000000000000000000000000000, sa_flags=SA_RESTART|SA_SIGINFO
SIGHUP: [libjvm.so+0x8bd870], sa_mask[0]=11111111011111111101111111111110, sa_flags=SA_RESTART|SA_SIGINFO
SIGINT: [libjvm.so+0x8bd870], sa_mask[0]=11111111011111111101111111111110, sa_flags=SA_RESTART|SA_SIGINFO
SIGTERM: [libjvm.so+0x8bd870], sa_mask[0]=11111111011111111101111111111110, sa_flags=SA_RESTART|SA_SIGINFO
SIGQUIT: [libjvm.so+0x8bd870], sa_mask[0]=11111111011111111101111111111110, sa_flags=SA_RESTART|SA_SIGINFO


---------------  S Y S T E M  ---------------

OS:PRETTY_NAME="Debian GNU/Linux 9 (stretch)"
NAME="Debian GNU/Linux"
VERSION_ID="9"
VERSION="9 (stretch)"
ID=debian
HOME_URL="https://www.debian.org/"
SUPPORT_URL="https://www.debian.org/support"
BUG_REPORT_URL="https://bugs.debian.org/"

uname:Linux 4.9.0-6-amd64 #1 SMP Debian 4.9.88-1+deb9u1 (2018-05-07) x86_64
libc:glibc 2.24 NPTL 2.24 
rlimit: STACK 8192k, CORE 0k, NPROC 7855, NOFILE 1048576, AS infinity
load average:9,57 4,91 2,80

/proc/meminfo:
MemTotal:        2033696 kB
MemFree:           52872 kB
MemAvailable:        948 kB
Buffers:             392 kB
Cached:           118416 kB
SwapCached:         3876 kB
Active:          1344268 kB
Inactive:         464780 kB
Active(anon):    1329100 kB
Inactive(anon):   449852 kB
Active(file):      15168 kB
Inactive(file):    14928 kB
Unevictable:           0 kB
Mlocked:               0 kB
SwapTotal:        522236 kB
SwapFree:              0 kB
Dirty:                68 kB
Writeback:            88 kB
AnonPages:       1686484 kB
Mapped:           104848 kB
Shmem:             88676 kB
Slab:              56012 kB
SReclaimable:      16780 kB
SUnreclaim:        39232 kB
KernelStack:       11792 kB
PageTables:        40440 kB
NFS_Unstable:          0 kB
Bounce:                0 kB
WritebackTmp:          0 kB
CommitLimit:     1539084 kB
Committed_AS:    6845664 kB
VmallocTotal:   34359738367 kB
VmallocUsed:           0 kB
VmallocChunk:          0 kB
HardwareCorrupted:     0 kB
AnonHugePages:         0 kB
ShmemHugePages:        0 kB
ShmemPmdMapped:        0 kB
HugePages_Total:       0
HugePages_Free:        0
HugePages_Rsvd:        0
HugePages_Surp:        0
Hugepagesize:       2048 kB
DirectMap4k:      108416 kB
DirectMap2M:     1988608 kB
DirectMap1G:           0 kB


CPU:total 1 (initial active 1) (1 cores per cpu, 1 threads per core) family 6 model 78 stepping 3, cmov, cx8, fxsr, mmx, sse, sse2, sse3, ssse3, sse4.1, sse4.2, popcnt, avx, avx2, aes, clmul, erms, 3dnowpref, lzcnt, tsc, tscinvbit, bmi1, bmi2, adx

/proc/cpuinfo:
processor	: 0
vendor_id	: GenuineIntel
cpu family	: 6
model		: 78
model name	: Intel(R) Core(TM) i7-6500U CPU @ 2.50GHz
stepping	: 3
microcode	: 0xbe
cpu MHz		: 2591.463
cache size	: 4096 KB
physical id	: 0
siblings	: 1
core id		: 0
cpu cores	: 1
apicid		: 0
initial apicid	: 0
fpu		: yes
fpu_exception	: yes
cpuid level	: 22
wp		: yes
flags		: fpu vme de pse tsc msr pae mce cx8 apic sep mtrr pge mca cmov pat pse36 clflush mmx fxsr sse sse2 ss syscall nx pdpe1gb rdtscp lm constant_tsc arch_perfmon nopl xtopology tsc_reliable nonstop_tsc eagerfpu pni pclmulqdq ssse3 fma cx16 pcid sse4_1 sse4_2 x2apic movbe popcnt tsc_deadline_timer aes xsave avx f16c rdrand hypervisor lahf_lm abm 3dnowprefetch invpcid_single kaiser fsgsbase tsc_adjust bmi1 avx2 smep bmi2 invpcid mpx rdseed adx smap clflushopt xsaveopt xsavec xsaves arat
bugs		: cpu_meltdown spectre_v1 spectre_v2
bogomips	: 5184.00
clflush size	: 64
cache_alignment	: 64
address sizes	: 43 bits physical, 48 bits virtual
power management:



Memory: 4k page, physical 2033696k(52872k free), swap 522236k(0k free)

vm_info: OpenJDK 64-Bit Server VM (25.181-b13) for linux-amd64 JRE (1.8.0_181-8u181-b13-2~deb9u1-b13), built on Oct 22 2018 18:05:23 by "pbuilder" with gcc 6.3.0 20170516

time: Tue Dec  4 23:28:45 2018
elapsed time: 48 seconds (0d 0h 0m 48s)

